STARTING AT Thu Dec 19 04:17:39 PM CET 2024
Slurm Job Id SLURM_ARRAY_JOB_ID is 29402764

                            < M A T L A B (R) >
                  Copyright 1984-2024 The MathWorks, Inc.
             R2024a Update 1 (24.1.0.2568132) 64-bit (glnxa64)
                               March 28, 2024

 
To get started, type doc.
For product information, visit www.mathworks.com.
 
Starting parallel pool (parpool) using the 'Processes' profile ...
[Warning: The Cluster reported an error while destroying a job. The error was:
Could not open file
"/home/zhang2/.matlab/local_cluster_jobs/R2024a/Job55.in.mat", the error
returned was: Unable to find file or directory
'/home/zhang2/.matlab/local_cluster_jobs/R2024a/Job55.in.mat'...] 
[> In parallel.internal.cluster.CJSJobMethods.destroyOneJob (line 79)
In parallel.job.CJSCommunicatingJob>@(job)CJSJobMethods.destroyOneJob(job.Parent,job,job.Support,job.SupportID) (line 114)
In parallel.job/CJSCommunicatingJob/destroyJob (line 114)
In parallel.Job>iDeleteJobs (line 1662)
In parallel.internal.cluster.hetfun (line 57)
In parallel/Job/delete (line 1458)
In parallel/Cluster/hDeleteOneJob (line 1043)
In parallel.internal.pool.AbstractInteractiveClient>iDeleteJobs (line 304)
In parallel.internal.pool/AbstractInteractiveClient/pRemoveOldJobs (line 192)
In parallel.internal.pool/AbstractInteractiveClient/start (line 81)
In parallel.internal.pool.AbstractClusterPool>iStartClient (line 797)
In parallel.internal.pool.AbstractClusterPool.hBuildPool (line 623)
In parallel.internal.pool.doParpool (line 22)
In parpool (line 118)
In Main (line 82)] 
Connected to parallel pool with 72 workers.
Elapsed time is 582.485239 seconds.
Parallel pool using the 'Processes' profile is shutting down.
FINISHED at Thu Dec 19 04:29:14 PM CET 2024
